Arguments: 
  /usr/local/Cellar/node/9.10.1/bin/node /usr/local/bin/yarn add dotenv

PATH: 
  /usr/local/sbin:/usr/local/bin:/usr/bin:/bin:/usr/sbin:/sbin:/usr/local/share/dotnet:/opt/X11/bin:/Library/Frameworks/Mono.framework/Versions/Current/Commands:/Users/joemirizio/.pyenv/bin:./node_modules/.bin:/Users/joemirizio/.rvm/bin:/Users/joemirizio/.gem/ruby/1.8/bin:/Users/joemirizio/Library/Android/sdk/platform-tools:/Users/joemirizio/.gem/ruby/2.5.0/bin

Yarn version: 
  1.6.0

Node version: 
  9.10.1

Platform: 
  darwin x64

Trace: 
  Error: getaddrinfo ENOTFOUND registry.yarnpkg.com registry.yarnpkg.com:443
      at GetAddrInfoReqWrap.onlookup [as oncomplete] (dns.js:67:26)

npm manifest: 
  {
    "name": "pma-hackathon-graph",
    "version": "1.0.0",
    "main": "index.js",
    "license": "MIT",
    "dependencies": {
      "neo4j-driver": "^1.5.3"
    }
  }

yarn manifest: 
  No manifest

Lockfile: 
  # THIS IS AN AUTOGENERATED FILE. DO NOT EDIT THIS FILE DIRECTLY.
  # yarn lockfile v1
  
  
  babel-runtime@^6.18.0:
    version "6.26.0"
    resolved "https://registry.yarnpkg.com/babel-runtime/-/babel-runtime-6.26.0.tgz#965c7058668e82b55d7bfe04ff2337bc8b5647fe"
    dependencies:
      core-js "^2.4.0"
      regenerator-runtime "^0.11.0"
  
  core-js@^2.4.0:
    version "2.5.5"
    resolved "https://registry.yarnpkg.com/core-js/-/core-js-2.5.5.tgz#b14dde936c640c0579a6b50cabcc132dd6127e3b"
  
  neo4j-driver@^1.5.3:
    version "1.5.3"
    resolved "https://registry.yarnpkg.com/neo4j-driver/-/neo4j-driver-1.5.3.tgz#aa7cec63ed793dd5a51c98ab0477edc35c293248"
    dependencies:
      babel-runtime "^6.18.0"
      url-parse "^1.2.0"
  
  querystringify@^2.0.0:
    version "2.0.0"
    resolved "https://registry.yarnpkg.com/querystringify/-/querystringify-2.0.0.tgz#fa3ed6e68eb15159457c89b37bc6472833195755"
  
  regenerator-runtime@^0.11.0:
    version "0.11.1"
    resolved "https://registry.yarnpkg.com/regenerator-runtime/-/regenerator-runtime-0.11.1.tgz#be05ad7f9bf7d22e056f9726cee5017fbf19e2e9"
  
  requires-port@^1.0.0:
    version "1.0.0"
    resolved "https://registry.yarnpkg.com/requires-port/-/requires-port-1.0.0.tgz#925d2601d39ac485e091cf0da5c6e694dc3dcaff"
  
  url-parse@^1.2.0:
    version "1.4.0"
    resolved "https://registry.yarnpkg.com/url-parse/-/url-parse-1.4.0.tgz#6bfdaad60098c7fe06f623e42b22de62de0d3d75"
    dependencies:
      querystringify "^2.0.0"
      requires-port "^1.0.0"
